#
# A fatal error has been detected by the Java Runtime Environment:
#
#  Internal Error (javaClasses.cpp:129), pid=6572, tid=6756
#  fatal error: Invalid layout of preloaded class
#
# JRE version: 7.0_17-b02
# Java VM: Java HotSpot(TM) 64-Bit Server VM (23.7-b01 mixed mode windows-amd64 compressed oops)
# Failed to write core dump. Minidumps are not enabled by default on client versions of Windows
#
# If you would like to submit a bug report, please visit:
#   http://bugreport.sun.com/bugreport/crash.jsp
#

---------------  T H R E A D  ---------------

Current thread (0x0000000001c5d000):  JavaThread "Unknown thread" [_thread_in_vm, id=6756, stack(0x00000000024e0000,0x00000000025e0000)]

Stack: [0x00000000024e0000,0x00000000025e0000]

---------------  P R O C E S S  ---------------

Java Threads: ( => current thread )

Other Threads:

=>0x0000000001c5d000 (exited) JavaThread "Unknown thread" [_thread_in_vm, id=6756, stack(0x00000000024e0000,0x00000000025e0000)]

VM state:not at safepoint (not fully initialized)

VM Mutex/Monitor currently owned by a thread: None

GC Heap History (0 events):
No events

Deoptimization events (0 events):
No events

Internal exceptions (0 events):
No events

Events (10 events):
Event: 0.820 loading class 0x00000000022108a0 done
Event: 0.821 loading class 0x00000000021d28f0 done
Event: 0.821 loading class 0x00000000021d28c0
Event: 0.821 loading class 0x000000000221d570
Event: 0.821 loading class 0x000000000221d570 done
Event: 0.821 loading class 0x000000000221d5b0
Event: 0.821 loading class 0x000000000221d5b0 done
Event: 0.821 loading class 0x00000000088df150
Event: 0.821 loading class 0x00000000088df150 done
Event: 0.821 loading class 0x00000000021d28c0 done


Dynamic libraries:
0x000000013fe60000 - 0x000000013fe93000 	C:\Program Files\Java\jre7\bin\javaw.exe
0x00000000778a0000 - 0x0000000077a49000 	C:\windows\SYSTEM32\ntdll.dll
0x0000000077780000 - 0x000000007789f000 	C:\windows\system32\kernel32.dll
0x000007fefd730000 - 0x000007fefd79c000 	C:\windows\system32\KERNELBASE.dll
0x000007feff460000 - 0x000007feff53b000 	C:\windows\system32\ADVAPI32.dll
0x000007fefede0000 - 0x000007fefee7f000 	C:\windows\system32\msvcrt.dll
0x000007feff610000 - 0x000007feff62f000 	C:\windows\SYSTEM32\sechost.dll
0x000007feff630000 - 0x000007feff75d000 	C:\windows\system32\RPCRT4.dll
0x0000000077680000 - 0x000000007777a000 	C:\windows\system32\USER32.dll
0x000007feff3f0000 - 0x000007feff457000 	C:\windows\system32\GDI32.dll
0x000007feffba0000 - 0x000007feffbae000 	C:\windows\system32\LPK.dll
0x000007fefdf20000 - 0x000007fefdfe9000 	C:\windows\system32\USP10.dll
0x000007fefc280000 - 0x000007fefc474000 	C:\windows\WinSxS\amd64_microsoft.windows.common-controls_6595b64144ccf1df_6.0.7601.17514_none_fa396087175ac9ac\COMCTL32.dll
0x000007fefde20000 - 0x000007fefde91000 	C:\windows\system32\SHLWAPI.dll
0x000007feff5e0000 - 0x000007feff60e000 	C:\windows\system32\IMM32.DLL
0x000007feffa80000 - 0x000007feffb89000 	C:\windows\system32\MSCTF.dll
0x000000006bce0000 - 0x000000006bdb1000 	C:\Program Files\Java\jre7\bin\msvcr100.dll
0x0000000056fa0000 - 0x00000000576bf000 	C:\Program Files\Java\jre7\bin\server\jvm.dll
0x000007fefb200000 - 0x000007fefb209000 	C:\windows\system32\WSOCK32.dll
0x000007feffa30000 - 0x000007feffa7d000 	C:\windows\system32\WS2_32.dll
0x000007feffb90000 - 0x000007feffb98000 	C:\windows\system32\NSI.dll
0x000007fefb4c0000 - 0x000007fefb4fb000 	C:\windows\system32\WINMM.dll
0x0000000077a60000 - 0x0000000077a67000 	C:\windows\system32\PSAPI.DLL
0x00000000751c0000 - 0x00000000751cf000 	C:\Program Files\Java\jre7\bin\verify.dll
0x000000006bcb0000 - 0x000000006bcd8000 	C:\Program Files\Java\jre7\bin\java.dll
0x000000005f840000 - 0x000000005f875000 	C:\Program Files\Java\jre7\bin\jdwp.dll
0x0000000073dd0000 - 0x0000000073dd8000 	C:\Program Files\Java\jre7\bin\npt.dll
0x0000000074520000 - 0x0000000074535000 	C:\Program Files\Java\jre7\bin\zip.dll

VM Arguments:
jvm_args: -agentlib:jdwp=transport=dt_socket,suspend=y,address=localhost:55312 -Dfile.encoding=Cp1252 -Xbootclasspath:C:\Users\Abhinav\adt-bundle-windows-x86_64-20131030\sdk\platforms\android-19\android.jar 
java_command: com.abhinavgianey.caldining.DataPull
Launcher Type: SUN_STANDARD

Environment Variables:
CLASSPATH=.;C:\Program Files (x86)\Java\jre6\lib\ext\QTJava.zip
PATH=C:\Program Files\Common Files\Microsoft Shared\Windows Live;C:\Program Files (x86)\Common Files\Microsoft Shared\Windows Live;C:\windows\system32;C:\windows;C:\windows\System32\Wbem;C:\windows\System32\WindowsPowerShell\v1.0\;C:\Program Files (x86)\Windows Live\Shared;C:\Program Files (x86)\QuickTime\QTSystem\;C:\Python32\;C:\Users\Abhinav\AppData\Local\Smartbar\Application\;C:\Users\Abhinav\AppData\Local\Smartbar\Application\;C:\Program Files\Java\jdk1.7.0_17\bin;C:\Program Files (x86)\Nmap
USERNAME=Abhinav
OS=Windows_NT
PROCESSOR_IDENTIFIER=Intel64 Family 6 Model 37 Stepping 5, GenuineIntel



---------------  S Y S T E M  ---------------

OS: Windows 7 , 64 bit Build 7601 Service Pack 1

CPU:total 4 (2 cores per cpu, 2 threads per core) family 6 model 37 stepping 5, cmov, cx8, fxsr, mmx, sse, sse2, sse3, ssse3, sse4.1, sse4.2, popcnt, ht, tsc, tscinvbit

Memory: 4k page, physical 3987312k(840424k free), swap 8450148k(1104664k free)

vm_info: Java HotSpot(TM) 64-Bit Server VM (23.7-b01) for windows-amd64 JRE (1.7.0_17-b02), built on Mar  1 2013 03:38:30 by "java_re" with unknown MS VC++:1600

time: Tue Jul 15 20:31:22 2014
elapsed time: 1 seconds

